{
  "RSpec": {
    "coverage": {
      "/Users/chris/CodeProjects/Makers/wk-4/bookmark-challenge/spec/bookmark_spec.rb": [
        1,
        null,
        1,
        null,
        1,
        1,
        1,
        1,
        1,
        1,
        1,
        null,
        null,
        null,
        1,
        1,
        1,
        1,
        1,
        1,
        1,
        null,
        null,
        null,
        1,
        1,
        1,
        1,
        1,
        null,
        null,
        null,
        1,
        1,
        1,
        1,
        1,
        1,
        null,
        null,
        null,
        null
      ],
      "/Users/chris/CodeProjects/Makers/wk-4/bookmark-challenge/spec/feature/add_new_bookmark_feature_spec.rb": [
        1,
        null,
        1,
        1,
        1,
        1,
        1,
        1,
        1,
        1,
        null,
        null
      ],
      "/Users/chris/CodeProjects/Makers/wk-4/bookmark-challenge/spec/feature/home_feature_spec.rb": [
        1,
        1,
        1,
        1,
        null,
        null
      ],
      "/Users/chris/CodeProjects/Makers/wk-4/bookmark-challenge/spec/feature/viewing_bookmarks_feature_spec.rb": [
        1,
        null,
        1,
        1,
        1,
        null,
        1,
        1,
        null,
        1,
        1,
        null,
        1,
        1,
        null,
        null
      ]
    },
    "timestamp": 1542817950
  }
}
